------------------------------------------------------------------------------------------------------------------------

[2021-10-14 17:23:02 #1 store] 
Database '/home/link/OneDrive/Docencia/2DAM-AccesoDatos/UD04/01-ObjectBD/db/empleados.odb' is opened by 12168@foxhound

[2021-10-14 17:23:02 #2 store] 
Configuration path: ?

[2021-10-14 17:23:47 #3 store] 
Database '/home/link/OneDrive/Docencia/2DAM-AccesoDatos/UD04/01-ObjectBD/db/empleados.odb' is closed by 12168@foxhound

------------------------------------------------------------------------------------------------------------------------

[2021-10-14 17:26:24 #1 store] 
Database '/home/link/OneDrive/Docencia/2DAM-AccesoDatos/UD04/01-ObjectBD/db/empleados.odb' is opened by 12456@foxhound

[2021-10-14 17:26:24 #2 store] 
Configuration path: ?

[2021-10-14 17:30:04 #3 store] 
Database '/home/link/OneDrive/Docencia/2DAM-AccesoDatos/UD04/01-ObjectBD/db/empleados.odb' is closed by 12456@foxhound

------------------------------------------------------------------------------------------------------------------------

[2021-10-14 17:30:30 #1 store] 
Database '/home/link/OneDrive/Docencia/2DAM-AccesoDatos/UD04/01-ObjectBD/db/empleados.odb' is opened by 12960@foxhound

[2021-10-14 17:30:30 #2 store] 
Configuration path: ?

[2021-10-14 17:30:45 #3 store] 
Database '/home/link/OneDrive/Docencia/2DAM-AccesoDatos/UD04/01-ObjectBD/db/empleados.odb' is closed by 12960@foxhound

------------------------------------------------------------------------------------------------------------------------

[2021-10-14 18:00:28 #1 store] 
Database '/home/link/OneDrive/Docencia/2DAM-AccesoDatos/UD04/01-ObjectBD/db/empleados.odb' is opened by 15960@foxhound

[2021-10-14 18:00:28 #2 store] 
Configuration path: ?

[2021-10-14 18:01:23 #3 store] 
Database '/home/link/OneDrive/Docencia/2DAM-AccesoDatos/UD04/01-ObjectBD/db/empleados.odb' is closed by 15960@foxhound

------------------------------------------------------------------------------------------------------------------------

[2021-10-14 18:02:39 #1 store] 
Database '/home/link/OneDrive/Docencia/2DAM-AccesoDatos/UD04/01-ObjectBD/db/empleados.odb' is opened by 16227@foxhound

[2021-10-14 18:02:39 #2 store] 
Configuration path: ?

[2021-10-14 18:03:18 #3 store] 
Database '/home/link/OneDrive/Docencia/2DAM-AccesoDatos/UD04/01-ObjectBD/db/empleados.odb' is closed by 16227@foxhound

------------------------------------------------------------------------------------------------------------------------

[2021-10-14 18:21:06 #1 store] 
Database '/home/link/OneDrive/Docencia/2DAM-AccesoDatos/UD04/01-ObjectBD/db/empleados.odb' is opened by 17408@foxhound

[2021-10-14 18:21:06 #2 store] 
Configuration path: ?

[2021-10-14 18:43:44 #3 store] 
Database '/home/link/OneDrive/Docencia/2DAM-AccesoDatos/UD04/01-ObjectBD/db/empleados.odb' is closed by 17408@foxhound

